<?xml version="1.0" encoding="UTF-8"?>
<!-- Generated by org.testng.reporters.JUnitReportReporter -->
<testsuite skipped="0" hostname="DESKTOP-6MMSN4K" name="com.testCases.JMB_CASignUp_001" tests="1" failures="0" timestamp="15 Dec 2021 01:17:36 GMT" time="1.372" errors="0">
  <testcase name="JMB_CASignUp_001" time="1.372" classname="com.testCases.JMB_CASignUp_001"/>
</testsuite> <!-- com.testCases.JMB_CASignUp_001 -->
